<?xml version="1.0" encoding="utf-8"?>
<TestRun id="668f61b8-c9cb-4f16-b5d2-0848b5f0198d" name="@runnervmvrwv9 2026-07-24 19:18:01" xmlns="http://microsoft.com/schemas/VisualStudio/TeamTest/2010">
  <Times creation="2026-07-24T19:18:01.5374131+00:00" queuing="2026-07-24T19:18:01.5374132+00:00" start="2026-07-24T19:18:00.7806714+00:00" finish="2026-07-24T19:18:01.5437019+00:00" />
  <TestSettings name="default" id="d899997a-eb06-4ec9-8303-a82470370305">
    <Deployment runDeploymentRoot="_runnervmvrwv9_2026-07-24_19_18_01" />
  </TestSettings>
  <Results>
    <UnitTestResult executionId="84d5c975-c47e-4406-b00a-e80ab1760ab9" testId="0fb5486e-5b42-cf6b-da3a-013494efc53a" testName="ThatWeCanParseAssemblyVersionStrings(&quot;1.2.3&quot;,&quot;1.2.3.0&quot;)" computerName="runnervmvrwv9" duration="00:00:00.0002890" startTime="2026-07-24T19:18:01.4273338+00:00" endTime="2026-07-24T19:18:01.4276228+00:00" testType="13cdc9d9-ddb5-4fa4-a97d-d965ccfc6d4b" outcome="Passed" testListId="8c84fa94-04c1-424b-9868-57a2d4851a1d" relativeResultsDirectory="84d5c975-c47e-4406-b00a-e80ab1760ab9" />
    <UnitTestResult executionId="797027a7-c647-4496-aab2-43a79a12fd18" testId="f0b52df1-03c2-311b-8bd2-f0ac823c465a" testName="ThatWeCanParseAssemblyVersionStrings(&quot;1.2.3-beta.1&quot;,&quot;1.2.3.0&quot;)" computerName="runnervmvrwv9" duration="00:00:00.0052760" startTime="2026-07-24T19:18:01.4203100+00:00" endTime="2026-07-24T19:18:01.4255298+00:00" testType="13cdc9d9-ddb5-4fa4-a97d-d965ccfc6d4b" outcome="Passed" testListId="8c84fa94-04c1-424b-9868-57a2d4851a1d" relativeResultsDirectory="797027a7-c647-4496-aab2-43a79a12fd18" />
  </Results>
  <TestDefinitions>
    <UnitTest name="ThatWeCanParseAssemblyVersionStrings(&quot;1.2.3&quot;,&quot;1.2.3.0&quot;)" storage="/home/runner/work/nunit/nunit/cakescripts.tests/bin/release/net10.0/cakescripts.tests.dll" id="0fb5486e-5b42-cf6b-da3a-013494efc53a">
      <Execution id="84d5c975-c47e-4406-b00a-e80ab1760ab9" />
      <TestMethod codeBase="/home/runner/work/nunit/nunit/CakeScripts.Tests/bin/Release/net10.0/CakeScripts.Tests.dll" adapterTypeName="executor://nunit3testexecutor/" className="CakeScripts.Tests.CakeTests" name="ThatWeCanParseAssemblyVersionStrings(&quot;1.2.3&quot;,&quot;1.2.3.0&quot;)" />
    </UnitTest>
    <UnitTest name="ThatWeCanParseAssemblyVersionStrings(&quot;1.2.3-beta.1&quot;,&quot;1.2.3.0&quot;)" storage="/home/runner/work/nunit/nunit/cakescripts.tests/bin/release/net10.0/cakescripts.tests.dll" id="f0b52df1-03c2-311b-8bd2-f0ac823c465a">
      <Execution id="797027a7-c647-4496-aab2-43a79a12fd18" />
      <TestMethod codeBase="/home/runner/work/nunit/nunit/CakeScripts.Tests/bin/Release/net10.0/CakeScripts.Tests.dll" adapterTypeName="executor://nunit3testexecutor/" className="CakeScripts.Tests.CakeTests" name="ThatWeCanParseAssemblyVersionStrings(&quot;1.2.3-beta.1&quot;,&quot;1.2.3.0&quot;)" />
    </UnitTest>
  </TestDefinitions>
  <TestEntries>
    <TestEntry testId="0fb5486e-5b42-cf6b-da3a-013494efc53a" executionId="84d5c975-c47e-4406-b00a-e80ab1760ab9" testListId="8c84fa94-04c1-424b-9868-57a2d4851a1d" />
    <TestEntry testId="f0b52df1-03c2-311b-8bd2-f0ac823c465a" executionId="797027a7-c647-4496-aab2-43a79a12fd18" testListId="8c84fa94-04c1-424b-9868-57a2d4851a1d" />
  </TestEntries>
  <TestLists>
    <TestList name="Results Not in a List" id="8c84fa94-04c1-424b-9868-57a2d4851a1d" />
    <TestList name="All Loaded Results" id="19431567-8539-422a-85d7-44ee4e166bda" />
  </TestLists>
  <ResultSummary outcome="Completed">
    <Counters total="2" executed="2" passed="2" failed="0" error="0" timeout="0" aborted="0" inconclusive="0" passedButRunAborted="0" notRunnable="0" notExecuted="0" disconnected="0" warning="0" completed="0" inProgress="0" pending="0" />
    <Output>
      <StdOut>NUnit Adapter 1.0.0.0: Test execution started
Running all tests in /home/runner/work/nunit/nunit/CakeScripts.Tests/bin/Release/net10.0/CakeScripts.Tests.dll
   NUnit3TestExecutor discovered 2 of 2 NUnit test cases using Current Discovery mode, Non-Explicit run
</StdOut>
    </Output>
  </ResultSummary>
</TestRun>