<?xml version="1.0" encoding="utf-8"?>
<TestRun id="e3cdfb39-5dad-48cd-975e-acdc3ebec26e" name="@runnervmvrwv9 2026-08-03 21:10:07" xmlns="http://microsoft.com/schemas/VisualStudio/TeamTest/2010">
  <Times creation="2026-08-03T21:10:07.8037356+00:00" queuing="2026-08-03T21:10:07.8037357+00:00" start="2026-08-03T21:10:06.6246974+00:00" finish="2026-08-03T21:10:07.8101850+00:00" />
  <TestSettings name="default" id="ed162e1d-6fc6-483b-84fe-ac91131b3dbb">
    <Deployment runDeploymentRoot="_runnervmvrwv9_2026-08-03_21_10_07" />
  </TestSettings>
  <Results>
    <UnitTestResult executionId="af79fceb-561b-44d9-a156-ca6667c452c7" testId="641c600f-2cd2-27ea-b095-261cbbf916a9" testName="Payments.Tests.PaymentsTrxSuite.Refund_Partial_ReturnsOk" computerName="runnervmvrwv9" duration="00:00:00.0073975" startTime="2026-08-03T21:10:07.6505413+00:00" endTime="2026-08-03T21:10:07.6716758+00:00" testType="13cdc9d9-ddb5-4fa4-a97d-d965ccfc6d4b" outcome="Failed" testListId="8c84fa94-04c1-424b-9868-57a2d4851a1d" relativeResultsDirectory="af79fceb-561b-44d9-a156-ca6667c452c7">
      <Output>
        <ErrorInfo>
          <Message>Assert.Equal() Failure: Values differ
Expected: 200
Actual:   500</Message>
          <StackTrace>   at Payments.Tests.PaymentsTrxSuite.Refund_Partial_ReturnsOk() in /home/runner/work/gd-private-testbed/gd-private-testbed/proj/UnitTest1.cs:line 7
   at System.Reflection.MethodBaseInvoker.InterpretedInvoke_Method(Object obj, IntPtr* args)
   at System.Reflection.MethodBaseInvoker.InvokeWithNoArgs(Object obj, BindingFlags invokeAttr)</StackTrace>
        </ErrorInfo>
      </Output>
    </UnitTestResult>
    <UnitTestResult executionId="cd0954c4-5756-4c60-8f34-0fd135c54802" testId="dc4ece12-6d3a-2ed2-110c-3e7ab646dfef" testName="Payments.Tests.PaymentsTrxSuite.Charge_Basic_Succeeds" computerName="runnervmvrwv9" duration="00:00:00.0012750" startTime="2026-08-03T21:10:07.6879162+00:00" endTime="2026-08-03T21:10:07.6882347+00:00" testType="13cdc9d9-ddb5-4fa4-a97d-d965ccfc6d4b" outcome="Passed" testListId="8c84fa94-04c1-424b-9868-57a2d4851a1d" relativeResultsDirectory="cd0954c4-5756-4c60-8f34-0fd135c54802" />
  </Results>
  <TestDefinitions>
    <UnitTest name="Payments.Tests.PaymentsTrxSuite.Charge_Basic_Succeeds" storage="/home/runner/work/gd-private-testbed/gd-private-testbed/proj/bin/debug/net10.0/payments.tests.dll" id="dc4ece12-6d3a-2ed2-110c-3e7ab646dfef">
      <Execution id="cd0954c4-5756-4c60-8f34-0fd135c54802" />
      <TestMethod codeBase="/home/runner/work/gd-private-testbed/gd-private-testbed/proj/bin/Debug/net10.0/Payments.Tests.dll" adapterTypeName="executor://xunit/VsTestRunner3/netcore/" className="Payments.Tests.PaymentsTrxSuite" name="Charge_Basic_Succeeds" />
    </UnitTest>
    <UnitTest name="Payments.Tests.PaymentsTrxSuite.Refund_Partial_ReturnsOk" storage="/home/runner/work/gd-private-testbed/gd-private-testbed/proj/bin/debug/net10.0/payments.tests.dll" id="641c600f-2cd2-27ea-b095-261cbbf916a9">
      <Execution id="af79fceb-561b-44d9-a156-ca6667c452c7" />
      <TestMethod codeBase="/home/runner/work/gd-private-testbed/gd-private-testbed/proj/bin/Debug/net10.0/Payments.Tests.dll" adapterTypeName="executor://xunit/VsTestRunner3/netcore/" className="Payments.Tests.PaymentsTrxSuite" name="Refund_Partial_ReturnsOk" />
    </UnitTest>
  </TestDefinitions>
  <TestEntries>
    <TestEntry testId="641c600f-2cd2-27ea-b095-261cbbf916a9" executionId="af79fceb-561b-44d9-a156-ca6667c452c7" testListId="8c84fa94-04c1-424b-9868-57a2d4851a1d" />
    <TestEntry testId="dc4ece12-6d3a-2ed2-110c-3e7ab646dfef" executionId="cd0954c4-5756-4c60-8f34-0fd135c54802" testListId="8c84fa94-04c1-424b-9868-57a2d4851a1d" />
  </TestEntries>
  <TestLists>
    <TestList name="Results Not in a List" id="8c84fa94-04c1-424b-9868-57a2d4851a1d" />
    <TestList name="All Loaded Results" id="19431567-8539-422a-85d7-44ee4e166bda" />
  </TestLists>
  <ResultSummary outcome="Failed">
    <Counters total="2" executed="2" passed="1" failed="1" error="0" timeout="0" aborted="0" inconclusive="0" passedButRunAborted="0" notRunnable="0" notExecuted="0" disconnected="0" warning="0" completed="0" inProgress="0" pending="0" />
    <Output>
      <StdOut>[xUnit.net 00:00:00.00] xUnit.net VSTest Adapter v3.1.4+50e68bbb8b (64-bit .NET 10.0.10)
[xUnit.net 00:00:00.13]   Discovering: Payments.Tests
[xUnit.net 00:00:00.18]   Discovered:  Payments.Tests
[xUnit.net 00:00:00.20]   Starting:    Payments.Tests
[xUnit.net 00:00:00.25]       Assert.Equal() Failure: Values differ
[xUnit.net 00:00:00.25]       Expected: 200
[xUnit.net 00:00:00.25]       Actual:   500
[xUnit.net 00:00:00.25]       Stack Trace:
[xUnit.net 00:00:00.25]         /home/runner/work/gd-private-testbed/gd-private-testbed/proj/UnitTest1.cs(7,0): at Payments.Tests.PaymentsTrxSuite.Refund_Partial_ReturnsOk()
[xUnit.net 00:00:00.25]            at System.Reflection.MethodBaseInvoker.InterpretedInvoke_Method(Object obj, IntPtr* args)
[xUnit.net 00:00:00.25]            at System.Reflection.MethodBaseInvoker.InvokeWithNoArgs(Object obj, BindingFlags invokeAttr)
[xUnit.net 00:00:00.27]   Finished:    Payments.Tests
</StdOut>
    </Output>
    <RunInfos>
      <RunInfo computerName="runnervmvrwv9" outcome="Error" timestamp="2026-08-03T21:10:07.6752911+00:00">
        <Text>[xUnit.net 00:00:00.25]     Payments.Tests.PaymentsTrxSuite.Refund_Partial_ReturnsOk [FAIL]</Text>
      </RunInfo>
    </RunInfos>
  </ResultSummary>
</TestRun>